"../../../Engine/Content/EditorMeshes/EditorSphere.uasset" 0
"../../../Engine/Content/EditorMeshes/EditorCube.uasset" 1
"../../../Engine/Content/EditorResources/MatineeCam_D.uasset" 2
"../../../Engine/Content/EditorMaterials/MatineeCam_mat.uasset" 3
"../../../Engine/Content/EditorMeshes/MatineeCam_SM.uasset" 4
"../../../Engine/Content/EditorMaterials/Thumbnails/SkySphereMaterial.uasset" 5
"../../../Engine/Content/EditorMeshes/EditorSkySphere.uasset" 6
"../../../Engine/Content/EditorMeshes/EditorPlane.uasset" 7
"../../../Engine/Content/EditorMeshes/EditorCylinder.uasset" 8
"../../../Engine/Content/EditorMaterials/Camera/CineMat.uasset" 9
"../../../Engine/Content/EditorMaterials/Camera/MI_CineMat_Rig.uasset" 10
"../../../Engine/Content/EditorMeshes/Camera/SM_CraneRig_Mount.uasset" 11
"../../../Engine/Content/EditorMeshes/Camera/SM_RailRig_Mount.uasset" 12
"../../../Engine/Content/EditorMeshes/Camera/SM_CraneRig_Base.uasset" 13
"../../../Engine/Content/EditorMeshes/Camera/SM_CraneRig_Body.uasset" 14
"../../../Engine/Content/EditorMeshes/Camera/SM_CraneRig_Arm.uasset" 15
"../../../Engine/Content/EditorMaterials/Camera/MI_CineMat_CameraBody.uasset" 16
"../../../Engine/Content/EngineDebugMaterials/M_SimpleOpaque.uasset" 17
"../../../Engine/Content/EditorMaterials/Camera/MI_CineMat_CamViewFinder.uasset" 18
"../../../Engine/Content/EditorMeshes/Camera/SM_CineCam.uasset" 19
"../../../Engine/Content/EditorMeshes/Camera/SM_RailRig_Track.uasset" 20
"../../../Engine/Content/Functions/Engine_MaterialFunctions01/Opacity/CameraDepthFade.uasset" 21
"../../../Engine/Content/EngineMaterials/T_Default_Material_Grid_M.uasset" 22
"../../../Engine/Content/EngineMaterials/T_Default_Material_Grid_N.uasset" 23
"../../../Engine/Content/EngineMaterials/DefaultMaterial.uasset" 24
"../../../Engine/Content/EngineMeshes/Cylinder.uasset" 25
"../../../Engine/Content/EngineMeshes/Sphere.uasset" 26
"../../../Engine/Content/BasicShapes/Cone.uasset" 27
"../../../Engine/Content/EditorBlueprintResources/ActorMacros.uasset" 28
"../../../Engine/Content/Tutorial/ContentIntroCurve.uasset" 29
"../../../Engine/Content/Tutorial/Basics/TutorialAssets/icon_tab_Levels_40x.uasset" 30
"../../../Engine/Content/Tutorial/Mobile/TutorialAssets/android_Icon.uasset" 31
"../../../Engine/Content/Tutorial/BlueprintTutorials/TutorialAssets/Blueprint_64x.uasset" 32
"../../../Engine/Content/EngineResources/WhiteSquareTexture.uasset" 33
"../../../Engine/Content/EngineMaterials/BlinkingCaret.uasset" 34
"../../../Engine/Content/Functions/Engine_MaterialFunctions02/Utility/BreakOutFloat2Components.uasset" 35
"../../../Engine/Content/EngineMaterials/HighResScreenshotCaptureRegion.uasset" 36
"../../../Engine/Content/EngineMaterials/DefaultLightFunctionMaterial.uasset" 37
"../../../Engine/Content/EngineMaterials/HighResolutionScreenshotMaskFunction.uasset" 38
"../../../Engine/Content/EngineMaterials/HighResScreenshot.uasset" 39
"../../../Engine/Content/EngineMaterials/Widget3DPassThrough.uasset" 40
"../../../Engine/Content/EngineMaterials/Widget3DPassThrough_Translucent.uasset" 41
"../../../Engine/Content/EngineMaterials/Widget3DPassThrough_Translucent_OneSided.uasset" 42
"../../../Engine/Content/EngineMaterials/WeightMapPlaceholderTexture.uasset" 43
"../../../Engine/Content/EngineMaterials/DefaultDiffuse.uasset" 44
"../../../Engine/Content/EngineMaterials/DefaultDeferredDecalMaterial.uasset" 45
"../../../Engine/Content/EngineMaterials/Widget3DPassThrough_Masked.uasset" 46
"../../../Engine/Content/EngineMaterials/RemoveSurfaceMaterial.uasset" 47
"../../../Engine/Content/EngineMaterials/DefaultBokeh.uasset" 48
"../../../Engine/Content/EngineMaterials/PaperNormal.uasset" 49
"../../../Engine/Content/EngineMaterials/LandscapeHolePhysicalMaterial.uasset" 50
"../../../Engine/Content/EngineMaterials/Good64x64TilingNoiseHighFreq.uasset" 51
"../../../Engine/Content/EngineMaterials/DefaultNormal.uasset" 52
"../../../Engine/Content/EngineMaterials/Widget3DPassThrough_Opaque.uasset" 53
"../../../Engine/Content/EngineMaterials/Widget3DPassThrough_Opaque_OneSided.uasset" 54
"../../../Engine/Content/EngineMaterials/PreintegratedSkinBRDF.uasset" 55
"../../../Engine/Content/EngineMaterials/PaperDiffuse.uasset" 56
"../../../Engine/Content/Functions/Engine_MaterialFunctions02/WorldPositionOffset/CameraOffset.uasset" 57
"../../../Engine/Content/EngineMaterials/PhAT_JointLimitMaterial.uasset" 58
"../../../Engine/Content/EngineMaterials/Grid_N.uasset" 59
"../../../Engine/Content/EngineMaterials/BaseFlattenDiffuseMap.uasset" 60
"../../../Engine/Content/EngineMaterials/BaseFlattenEmissiveMap.uasset" 61
"../../../Engine/Content/EngineMaterials/BaseFlattenGrayscaleMap.uasset" 62
"../../../Engine/Content/EngineMaterials/BaseFlattenNormalMap.uasset" 63
"../../../Engine/Content/EngineMaterials/BaseFlattenMaterial.uasset" 64
"../../../Engine/Content/EngineMaterials/Widget3DPassThrough_Masked_OneSided.uasset" 65
"../../../Engine/Content/EngineMaterials/PhysMat_Rubber.uasset" 66
"../../../Engine/Content/EngineFonts/RobotoDistanceField.uasset" 67
"../../../Engine/Content/EngineMaterials/DefaultTextMaterialOpaque.uasset" 68
"../../../Engine/Content/EngineMaterials/EditorBrushMaterial.uasset" 69
"../../../Engine/Content/EngineMaterials/InvalidLightmapSettings.uasset" 70
"../../../Engine/Content/EngineMaterials/M_InvalidLightmapSettings.uasset" 71
"../../../Engine/Content/EngineMaterials/DefaultBloomKernel.uasset" 72
"../../../Engine/Content/EngineMaterials/DefaultPostProcessMaterial.uasset" 73
"../../../Engine/Content/EngineMaterials/HighResScreenshotMask.uasset" 74
"../../../Engine/Content/BufferVisualization/SceneColor.uasset" 75
"../../../Engine/Content/BufferVisualization/Roughness.uasset" 76
"../../../Engine/Content/BufferVisualization/Metallic.uasset" 77
"../../../Engine/Content/BufferVisualization/SeparateTranslucencyRGB.uasset" 78
"../../../Engine/Content/BufferVisualization/Opacity.uasset" 79
"../../../Engine/Content/BufferVisualization/LightingModel.uasset" 80
"../../../Engine/Content/BufferVisualization/MaterialAO.uasset" 81
"../../../Engine/Content/BufferVisualization/CustomDepth.uasset" 82
"../../../Engine/Content/Functions/Engine_MaterialFunctions02/Utility/VectorLength.uasset" 83
"../../../Engine/Content/BufferVisualization/SceneDepthWorldUnits.uasset" 84
"../../../Engine/Content/BufferVisualization/SceneDepth.uasset" 85
"../../../Engine/Content/BufferVisualization/SubsurfaceColor.uasset" 86
"../../../Engine/Content/BufferVisualization/Specular.uasset" 87
"../../../Engine/Content/BufferVisualization/PreTonemapHDRColor.uasset" 88
"../../../Engine/Content/BufferVisualization/SeparateTranslucencyA.uasset" 89
"../../../Engine/Content/EngineMaterials/DefaultPhysicalMaterial.uasset" 90
"../../../Engine/Content/BufferVisualization/AmbientOcclusion.uasset" 91
"../../../Engine/Content/BufferVisualization/BaseColor.uasset" 92
"../../../Engine/Content/BufferVisualization/PostTonemapHDRColor.uasset" 93
"../../../Engine/Content/BufferVisualization/WorldNormal.uasset" 94
"../../../Engine/Content/BufferVisualization/CustomDepthWorldUnits.uasset" 95
"../../../Engine/Content/Functions/Engine_MaterialFunctions01/Texturing/ScaleUVsByCenter.uasset" 96
"../../../Engine/Content/Functions/Engine_MaterialFunctions02/ScreenResolution.uasset" 97
"../../../Engine/Content/Functions/Engine_MaterialFunctions02/Texturing/ScreenAlignedUVs.uasset" 98
"../../../Engine/Content/Functions/Engine_MaterialFunctions02/Utility/MakeFloat2.uasset" 99
"../../../Engine/Content/Functions/Engine_MaterialFunctions02/Utility/MakeFloat3.uasset" 100
"../../../Engine/Content/EngineMaterials/MiniFont.uasset" 101
"../../../Engine/Content/BufferVisualization/CustomStencil.uasset" 102
"../../../Engine/Content/BufferVisualization/FinalImage.uasset" 103
"../../../Engine/Content/EditorMaterials/MAT_Groups_Toggle.uasset" 104
"../../../Engine/Content/EditorMaterials/PhAT_ElemSelectedMaterial.uasset" 105
"../../../Engine/Content/Functions/Engine_MaterialFunctions02/Utility/Sign.uasset" 106
"../../../Engine/Content/Functions/Engine_MaterialFunctions02/Utility/Round.uasset" 107
"../../../Engine/Content/Functions/Engine_MaterialFunctions02/ExampleContent/Textures/flipbook.uasset" 108
"../../../Engine/Content/Functions/Engine_MaterialFunctions02/Texturing/FlipBook.uasset" 109
"../../../Engine/Content/EditorResources/T_EditorHelp.uasset" 110
"../../../Engine/Content/EditorMaterials/HelpActorMaterial.uasset" 111
"../../../Engine/Content/EditorMaterials/Tick.uasset" 112
"../../../Engine/Content/EditorMaterials/Tick_Mat.uasset" 113
"../../../Engine/Content/EditorMaterials/WidgetMaterial_Y.uasset" 114
"../../../Engine/Content/EditorMaterials/WidgetGridVertexColorMaterial.uasset" 115
"../../../Engine/Content/EditorMaterials/WidgetGridVertexColorMaterial_Ma.uasset" 116
"../../../Engine/Content/EditorMaterials/CompositeARGBLayer.uasset" 117
"../../../Engine/Content/EditorMaterials/TilingAALineIntegral.uasset" 118
"../../../Engine/Content/EditorMaterials/TilingAALineBoxFiltered.uasset" 119
"../../../Engine/Content/Functions/Engine_MaterialFunctions03/Procedurals/ComputeFilterWidth.uasset" 120
"../../../Engine/Content/EditorMaterials/TilingAADots.uasset" 121
"../../../Engine/Content/EngineMaterials/BlendFunc_DefBase.uasset" 122
"../../../Engine/Content/EngineMaterials/BlendFunc_DefBlend.uasset" 123
"../../../Engine/Content/Functions/Engine_MaterialFunctions03/Blends/Blend_Screen.uasset" 124
"../../../Engine/Content/EditorMaterials/TilingAAGrid.uasset" 125
"../../../Engine/Content/EditorMaterials/LevelGridMaterial.uasset" 126
"../../../Engine/Content/EditorMaterials/PhAT_UnselectedMaterial.uasset" 127
"../../../Engine/Content/EditorMaterials/GizmoMaterial.uasset" 128
"../../../Engine/Content/EditorMaterials/WidgetMaterial_Z.uasset" 129
"../../../Engine/Content/EditorMaterials/WidgetVertexColorMaterial.uasset" 130
"../../../Engine/Content/EditorMaterials/Cross.uasset" 131
"../../../Engine/Content/EditorMaterials/Cross_Mat.uasset" 132
"../../../Engine/Content/EditorMaterials/MakeCompositeARGBLayer.uasset" 133
"../../../Engine/Content/EditorResources/LevelGrid1DStripes.uasset" 134
"../../../Engine/Content/EditorMaterials/TextureGridCascaded1D.uasset" 135
"../../../Engine/Content/EditorMaterials/TextureGridCascaded2D.uasset" 136
"../../../Engine/Content/EditorMaterials/LevelGridMaterial2.uasset" 137
"../../../Engine/Content/EditorMaterials/PhAT_NoCollisionMaterial.uasset" 138
"../../../Engine/Content/EditorMaterials/PreviewShadowIndicator.uasset" 139
"../../../Engine/Content/EditorMaterials/PreviewShadowIndicatorMaterial.uasset" 140
"../../../Engine/Content/EditorMaterials/PhAT_BoneSelectedMaterial.uasset" 141
"../../../Engine/Content/EditorMaterials/WidgetMaterial_Current.uasset" 142
"../../../Engine/Content/EditorMaterials/TargetIcon.uasset" 143
"../../../Engine/Content/EditorMaterials/WidgetMaterial_X.uasset" 144
"../../../Engine/Content/EditorMaterials/MAT_Groups_Visibility.uasset" 145
"../../../Engine/Content/EditorMaterials/WidgetMaterial.uasset" 146
"../../../Engine/Content/EditorMaterials/MatineeGroups/MAT_Groups_Vector.uasset" 147
"../../../Engine/Content/EditorMaterials/MatineeGroups/MAT_Groups_Sound.uasset" 148
"../../../Engine/Content/EditorMaterials/MatineeGroups/MAT_Groups_Slomo.uasset" 149
"../../../Engine/Content/EditorMaterials/MatineeGroups/MAT_Groups_Event.uasset" 150
"../../../Engine/Content/EditorMaterials/MatineeGroups/MAT_Groups_Anim.uasset" 151
"../../../Engine/Content/EditorMaterials/MatineeGroups/MAT_Groups_AudioMaster.uasset" 152
"../../../Engine/Content/EditorMaterials/MatineeGroups/MAT_ColorTrack.uasset" 153
"../../../Engine/Content/EditorMaterials/MatineeGroups/MAT_Groups_Float.uasset" 154
"../../../Engine/Content/EditorMaterials/MatineeGroups/MAT_Groups_Fade.uasset" 155
"../../../Engine/Content/EditorMaterials/MatineeGroups/MAT_Groups_Move.uasset" 156
"../../../Engine/Content/EditorMaterials/MatineeGroups/MAT_Groups_Director.uasset" 157
"../../../Engine/Content/EditorMaterials/ParticleSystems/PSysThumbnail_OOD.uasset" 158
"../../../Engine/Content/EditorMaterials/ParticleSystems/PSysThumbnail_NoImage.uasset" 159
"../../../Engine/Content/EngineMaterials/Grid.uasset" 160
"../../../Engine/Content/EditorMaterials/Thumbnails/FloorPlaneMaterial.uasset" 161
"../../../Engine/Content/Maps/Templates/Thumbnails/VR-Basic.uasset" 162
"../../../Engine/Content/Maps/Templates/Thumbnails/Default.uasset" 163
"../../../Engine/Content/VREditor/LaserPointer/VR_LaserPower_01.uasset" 164
"../../../Engine/Content/VREditor/TransformGizmo/TransformGizmoMaterial.uasset" 165
"../../../Engine/Content/VREditor/TransformGizmo/TranslucentTransformGizmoMaterial.uasset" 166
"../../../Engine/Content/VREditor/TransformGizmo/PlaneTranslationHandle.uasset" 167
"../../../Engine/Content/VREditor/TransformGizmo/Main.uasset" 168
"../../../Engine/Content/VREditor/TransformGizmo/Xray.uasset" 169
"../../../Engine/Content/VREditor/TransformGizmo/SM_Sequencer_Node.uasset" 170
"../../../Engine/Content/VREditor/TransformGizmo/SM_Sequencer_Key.uasset" 171
"../../../Engine/Content/VREditor/TransformGizmo/BoundingBoxEdge.uasset" 172
"../../../Engine/Content/VREditor/TransformGizmo/BoundingBoxCorner.uasset" 173
"../../../Engine/Content/EngineDamageTypes/DmgTypeBP_Environmental.uasset" 174
"../../../Engine/Content/EditorSounds/Notifications/CompileSuccess.uasset" 175
"../../../Engine/Content/EditorSounds/Notifications/CompileSuccess_Cue.uasset" 176
"../../../Engine/Content/EditorSounds/Notifications/CompileFailed.uasset" 177
"../../../Engine/Content/EditorSounds/Notifications/CompileFailed_Cue.uasset" 178
"../../../Engine/Content/EditorSounds/Notifications/CompileStart_Cue.uasset" 179
"../../../Engine/Content/EditorResources/S_Terrain.uasset" 180
"../../../Engine/Content/EditorResources/BSPVertex.uasset" 181
"../../../Engine/Content/EditorResources/S_Trigger.uasset" 182
"../../../Engine/Content/EditorResources/S_Player.uasset" 183
"../../../Engine/Content/EditorResources/S_Note.uasset" 184
"../../../Engine/Content/EditorResources/S_KHinge.uasset" 185
"../../../Engine/Content/EditorResources/EmptyActor.uasset" 186
"../../../Engine/Content/EditorResources/S_KPrismatic.uasset" 187
"../../../Engine/Content/EditorResources/S_Emitter.uasset" 188
"../../../Engine/Content/EditorResources/S_TextRenderActorIcon.uasset" 189
"../../../Engine/Content/EditorResources/S_PortalActorIcon2.uasset" 190
"../../../Engine/Content/EditorResources/S_ReflActorIcon.uasset" 191
"../../../Engine/Content/EditorResources/SmallFont.uasset" 192
"../../../Engine/Content/EditorResources/S_VectorFieldVol.uasset" 193
"../../../Engine/Content/EditorResources/S_WindDirectional.uasset" 194
"../../../Engine/Content/EditorResources/S_Thruster.uasset" 195
"../../../Engine/Content/EditorResources/Bad.uasset" 196
"../../../Engine/Content/EditorResources/S_FTest.uasset" 197
"../../../Engine/Content/EditorResources/S_NavP.uasset" 198
"../../../Engine/Content/EditorResources/S_RadForce.uasset" 199
"../../../Engine/Content/EditorResources/S_DecalActorIcon.uasset" 200
"../../../Engine/Content/EditorResources/SceneManager.uasset" 201
"../../../Engine/Content/EditorResources/S_KBSJoint.uasset" 202
"../../../Engine/Content/EditorResources/MatInstActSprite.uasset" 203
"../../../Engine/Content/EditorResources/S_LevelSequence.uasset" 204
"../../../Engine/Content/EditorResources/S_Actor.uasset" 205
"../../../Engine/Content/EditorResources/S_ExpoHeightFog.uasset" 206
"../../../Engine/Content/EditorResources/AI/S_NavLink.uasset" 207
"../../../Engine/Content/EditorResources/SequenceRecorder/Countdown.uasset" 208
"../../../Engine/Content/EditorResources/SequenceRecorder/RecordingIndicator.uasset" 209
"../../../Engine/Content/EditorResources/LightIcons/S_LightSpot.uasset" 210
"../../../Engine/Content/EditorResources/LightIcons/S_LightError.uasset" 211
"../../../Engine/Content/EditorResources/LightIcons/S_LightPoint.uasset" 212
"../../../Engine/Content/EditorResources/LightIcons/S_LightDirectionalMove.uasset" 213
"../../../Engine/Content/EditorResources/LightIcons/S_LightDirectional.uasset" 214
"../../../Engine/Content/EditorResources/LightIcons/SkyLight.uasset" 215
"../../../Engine/Content/EditorResources/LightIcons/S_LightPointMove.uasset" 216
"../../../Engine/Content/EditorResources/LightIcons/S_LightSpotMove.uasset" 217
"../../../Engine/Content/EditorResources/Spline/T_Loft_Spline.uasset" 218
"../../../Engine/Content/MobileResources/T_MobileControls_texture.uasset" 219
"../../../Engine/Content/MobileResources/T_MobileMenu2.uasset" 220
"../../../Engine/Content/MobileResources/HUD/MobileHUDButton2_off.uasset" 221
"../../../Engine/Content/MobileResources/HUD/MobileHUDButton1_off.uasset" 222
"../../../Engine/Content/MobileResources/HUD/VirtualJoystick_Background.uasset" 223
"../../../Engine/Content/MobileResources/HUD/VirtualJoystick_Thumb.uasset" 224
"../../../Engine/Content/MobileResources/HUD/DefaultVirtualJoysticks.uasset" 225
"../../../Engine/Content/MobileResources/HUD/T_Castle_ThumbstickOutter.uasset" 226
"../../../Engine/Content/MobileResources/HUD/MobileHUDButton2_on.uasset" 227
"../../../Engine/Content/MobileResources/HUD/MobileHUDDirectionPad3.uasset" 228
"../../../Engine/Content/MobileResources/HUD/MobileHUDButton1_on.uasset" 229
"../../../Engine/Content/MobileResources/HUD/MobileHUDDirectionPad.uasset" 230
"../../../Engine/Content/MobileResources/HUD/AnalogHat.uasset" 231
"../../../Engine/Content/MobileResources/HUD/MobileHUDDirectionStick.uasset" 232
"../../../Engine/Content/MobileResources/HUD/MobileHUDDirectionPad2.uasset" 233
"../../../Engine/Content/MobileResources/HUD/LeftVirtualJoystickOnly.uasset" 234
"../../../Engine/Content/MobileResources/HUD/T_Castle_ThumbstickInner.uasset" 235
"../../../Engine/Content/MobileResources/HUD/MobileHUDButton3.uasset" 236
"../../../Engine/Content/MapTemplates/SM_Template_Map_Floor.uasset" 237
"../../../Engine/Content/MapTemplates/Sky/DaylightAmbientCubemap.uasset" 238
"../../../Engine/Content/EngineResources/DefaultTextureCube.uasset" 239
"../../../Engine/Content/EngineResources/StreamingPauseIcon.uasset" 240
"../../../Engine/Content/EngineResources/M_StreamingPause.uasset" 241
"../../../Engine/Content/EngineResources/DefaultTexture.uasset" 242
"../../../Engine/Content/EngineResources/GradientTexture0.uasset" 243
"../../../Engine/Content/EngineResources/DefaultVolumeTexture2D.uasset" 244
"../../../Engine/Content/EngineResources/DefaultVolumeTexture.uasset" 245
"../../../Engine/Content/EngineResources/Black.uasset" 246
"../../../Engine/Content/EngineDebugMaterials/VertexColorViewMode_BlueOnly.uasset" 247
"../../../Engine/Content/Functions/Engine_MaterialFunctions01/Shading/ConvertFromDiffSpec.uasset" 248
"../../../Engine/Content/EngineDebugMaterials/LevelColorationLitMaterial.uasset" 249
"../../../Engine/Content/EngineDebugMaterials/ClothMaterial_WF.uasset" 250
"../../../Engine/Content/EngineDebugMaterials/VertexColorViewMode_AlphaAsColor.uasset" 251
"../../../Engine/Content/EngineDebugMaterials/HeatmapGradient.uasset" 252
"../../../Engine/Content/EngineDebugMaterials/BoneWeightMaterial.uasset" 253
"../../../Engine/Content/EngineDebugMaterials/DebugMeshMaterial.uasset" 254
"../../../Engine/Content/EngineDebugMaterials/VertexColorViewMode_GreenOnly.uasset" 255
"../../../Engine/Content/EngineDebugMaterials/WireframeMaterial.uasset" 256
"../../../Engine/Content/EngineDebugMaterials/GeomMaterial.uasset" 257
"../../../Engine/Content/EngineMaterials/DefaultWhiteGrid.uasset" 258
"../../../Engine/Content/EngineDebugMaterials/MAT_LevelColorationLitLightmapUV.uasset" 259
"../../../Engine/Content/EngineDebugMaterials/VertexColorViewMode_ColorOnly.uasset" 260
"../../../Engine/Content/EngineDebugMaterials/ClothMaterial.uasset" 261
"../../../Engine/Content/EngineDebugMaterials/M_SimpleTranslucent.uasset" 262
"../../../Engine/Content/EngineDebugMaterials/DebugEditorMaterial.uasset" 263
"../../../Engine/Content/EngineDebugMaterials/VertexColorViewMode_RedOnly.uasset" 264
"../../../Engine/Content/EngineDebugMaterials/ShadedLevelColorationUnlitMateri.uasset" 265
"../../../Engine/Content/EngineDebugMaterials/ShadedLevelColorationLitMaterial.uasset" 266
"../../../Engine/Content/EngineDebugMaterials/LevelColorationUnlitMaterial.uasset" 267
"../../../Engine/Content/EngineDebugMaterials/VertexColorMaterial.uasset" 268
"../../../Engine/Content/Functions/Engine_MaterialFunctions01/Shading/PowerToRoughness.uasset" 269
"../../../Engine/Content/EngineFonts/Faces/RobotoTiny.uasset" 270
"../../../Engine/Content/EngineFonts/RobotoTiny.uasset" 271
"../../../Engine/Content/EngineFonts/Faces/RobotoBold.uasset" 272
"../../../Engine/Content/EngineFonts/Faces/RobotoBoldItalic.uasset" 273
"../../../Engine/Content/EngineFonts/Faces/RobotoItalic.uasset" 274
"../../../Engine/Content/EngineFonts/Faces/RobotoLight.uasset" 275
"../../../Engine/Content/EngineFonts/Faces/RobotoRegular.uasset" 276
"../../../Engine/Content/EngineFonts/Roboto.uasset" 277
"../../../Engine/Content/EngineFonts/TinyFont.uasset" 278
"../../../Engine/Content/EngineFonts/SmallFont.uasset" 279
"../../../Engine/Content/EditorBlueprintResources/StandardMacros.uasset" 280
"../../../Engine/Content/ArtTools/RenderToTexture/Enums/EFloatTypes.uasset" 281
"../../../Engine/Content/ArtTools/RenderToTexture/Enums/EIntTypes.uasset" 282
"../../../Engine/Content/ArtTools/RenderToTexture/Macros/RenderToTextureMacros.uasset" 283
"../../../Engine/Content/ArtTools/RenderToTexture/Macros/RenderToTextureFunctionLibrary.uasset" 284
"../../../Engine/Content/ArtTools/RenderToTexture/Enums/RenderToTexture_Flipbook_Enum.uasset" 285
"../../../Engine/Content/ArtTools/RenderToTexture/Enums/RenderToTexture_Enum.uasset" 286
"../../../Engine/Content/ArtTools/RenderToTexture/Enums/RenderToTexture_Imposter_Enum.uasset" 287
"../../../Engine/Content/EngineMaterials/WorldGridMaterial.uasset" 288
"../../../Engine/Content/ArtTools/RenderToTexture/Meshes/S_1_Unit_Plane.uasset" 289
"../../../Engine/Content/EditorLandscapeResources/LandscapeGizmoHeight_Mat.uasset" 290
"../../../Engine/Content/EditorLandscapeResources/DataLayer.uasset" 291
"../../../Engine/Content/EditorLandscapeResources/SplineEditorMeshMat.uasset" 292
"../../../Engine/Content/EditorLandscapeResources/SplineEditorMesh.uasset" 293
"../../../Engine/Content/EditorLandscapeResources/LandscapeGizmo_Mat.uasset" 294
"../../../Engine/Content/EditorLandscapeResources/LandscapeGizmo_Mat_Copied.uasset" 295
"../../../Engine/Content/EditorLandscapeResources/DefaultAlphaTexture.uasset" 296
"../../../Engine/Content/EngineSounds/Master.uasset" 297
"../../../../../../../../home/estebagel/Documents/Unreal Projects/AndroidProject 4.20 - 2/Content/Mannequin/Character/nara/besi_permata.uasset" 298
"../../../../../../../../home/estebagel/Documents/Unreal Projects/AndroidProject 4.20 - 2/Content/Mannequin/Character/nara/aksesoris_kepala.uasset" 299
"../../../../../../../../home/estebagel/Documents/Unreal Projects/AndroidProject 4.20 - 2/Content/Mannequin/Character/nara/beha_texture.uasset" 300
"../../../../../../../../home/estebagel/Documents/Unreal Projects/AndroidProject 4.20 - 2/Content/Mannequin/Character/nara/aksesoris_dada.uasset" 301
"../../../../../../../../home/estebagel/Documents/Unreal Projects/AndroidProject 4.20 - 2/Content/Mannequin/Character/nara/jepit_bunder.uasset" 302
"../../../../../../../../home/estebagel/Documents/Unreal Projects/AndroidProject 4.20 - 2/Content/Mannequin/Character/nara/selendang_texture.uasset" 303
"../../../../../../../../home/estebagel/Documents/Unreal Projects/AndroidProject 4.20 - 2/Content/Mannequin/Character/nara/hair_png.uasset" 304
"../../../../../../../../home/estebagel/Documents/Unreal Projects/AndroidProject 4.20 - 2/Content/Mannequin/Character/nara/badan.uasset" 305
"../../../../../../../../home/estebagel/Documents/Unreal Projects/AndroidProject 4.20 - 2/Content/Mannequin/Character/nara/kain_kepala.uasset" 306
"../../../../../../../../home/estebagel/Documents/Unreal Projects/AndroidProject 4.20 - 2/Content/Mannequin/Character/nara/jepit_beha.uasset" 307
"../../../../../../../../home/estebagel/Documents/Unreal Projects/AndroidProject 4.20 - 2/Content/Mannequin/Character/nara/kolor_texture.uasset" 308
"../../../../../../../../home/estebagel/Documents/Unreal Projects/AndroidProject 4.20 - 2/Content/Mannequin/Character/nara/aksesoris_pinggang.uasset" 309
"../../../../../../../../home/estebagel/Documents/Unreal Projects/AndroidProject 4.20 - 2/Content/Mannequin/Character/nara/buntut.uasset" 310
"../../../../../../../../home/estebagel/Documents/Unreal Projects/AndroidProject 4.20 - 2/Content/Mannequin/Character/nara/body.uasset" 311
"../../../../../../../../home/estebagel/Documents/Unreal Projects/AndroidProject 4.20 - 2/Content/Mannequin/Character/nara/body_Untitled_003.uasset" 312
"../../../../../../../../home/estebagel/Documents/Unreal Projects/AndroidProject 4.20 - 2/Content/Mannequin/Character/nara/body_Untitled_006.uasset" 313
"../../../../../../../../home/estebagel/Documents/Unreal Projects/AndroidProject 4.20 - 2/Content/Mannequin/Character/nara/ear.uasset" 314
"../../../../../../../../home/estebagel/Documents/Unreal Projects/AndroidProject 4.20 - 2/Content/Mannequin/Character/nara/EDGE_basic.uasset" 315
"../../../../../../../../home/estebagel/Documents/Unreal Projects/AndroidProject 4.20 - 2/Content/Mannequin/Character/nara/eye.uasset" 316
"../../../../../../../../home/estebagel/Documents/Unreal Projects/AndroidProject 4.20 - 2/Content/Mannequin/Character/nara/face.uasset" 317
"../../../../../../../../home/estebagel/Documents/Unreal Projects/AndroidProject 4.20 - 2/Content/Mannequin/Character/nara/gold.uasset" 318
"../../../../../../../../home/estebagel/Documents/Unreal Projects/AndroidProject 4.20 - 2/Content/Mannequin/Character/nara/hair.uasset" 319
"../../../../../../../../home/estebagel/Documents/Unreal Projects/AndroidProject 4.20 - 2/Content/Mannequin/Character/nara/Material.uasset" 320
"../../../../../../../../home/estebagel/Documents/Unreal Projects/AndroidProject 4.20 - 2/Content/Mannequin/Character/nara/Material_001.uasset" 321
"../../../../../../../../home/estebagel/Documents/Unreal Projects/AndroidProject 4.20 - 2/Content/Mannequin/Character/nara/Material_002.uasset" 322
"../../../../../../../../home/estebagel/Documents/Unreal Projects/AndroidProject 4.20 - 2/Content/Mannequin/Character/nara/Material_003.uasset" 323
"../../../../../../../../home/estebagel/Documents/Unreal Projects/AndroidProject 4.20 - 2/Content/Mannequin/Character/nara/Material_004.uasset" 324
"../../../../../../../../home/estebagel/Documents/Unreal Projects/AndroidProject 4.20 - 2/Content/Mannequin/Character/nara/Material_005.uasset" 325
"../../../../../../../../home/estebagel/Documents/Unreal Projects/AndroidProject 4.20 - 2/Content/Mannequin/Character/nara/Material_006.uasset" 326
"../../../../../../../../home/estebagel/Documents/Unreal Projects/AndroidProject 4.20 - 2/Content/Mannequin/Character/nara/Material_007.uasset" 327
"../../../../../../../../home/estebagel/Documents/Unreal Projects/AndroidProject 4.20 - 2/Content/Mannequin/Character/nara/Material_008.uasset" 328
"../../../../../../../../home/estebagel/Documents/Unreal Projects/AndroidProject 4.20 - 2/Content/Mannequin/Character/nara/Material_009.uasset" 329
"../../../../../../../../home/estebagel/Documents/Unreal Projects/AndroidProject 4.20 - 2/Content/Mannequin/Character/nara/Material_010.uasset" 330
"../../../../../../../../home/estebagel/Documents/Unreal Projects/AndroidProject 4.20 - 2/Content/Mannequin/Character/nara/Material_011.uasset" 331
"../../../../../../../../home/estebagel/Documents/Unreal Projects/AndroidProject 4.20 - 2/Content/Mannequin/Character/nara/Material_012.uasset" 332
"../../../../../../../../home/estebagel/Documents/Unreal Projects/AndroidProject 4.20 - 2/Content/Mannequin/Character/nara/Nara2_BEHA_Skeleton.uasset" 333
"../../../../../../../../home/estebagel/Documents/Unreal Projects/AndroidProject 4.20 - 2/Content/Mannequin/Character/nara/Nara2_body_PhysicsAsset.uasset" 334
"../../../../../../../../home/estebagel/Documents/Unreal Projects/AndroidProject 4.20 - 2/Content/Mannequin/Character/nara/Nara2_body_Skeleton.uasset" 335
"../../../../../../../../home/estebagel/Documents/Unreal Projects/AndroidProject 4.20 - 2/Content/Mannequin/Character/nara/Nara2_buntut_PhysicsAsset.uasset" 336
"../../../../../../../../home/estebagel/Documents/Unreal Projects/AndroidProject 4.20 - 2/Content/Mannequin/Character/nara/Nara2_buntut_Skeleton.uasset" 337
"../../../../../../../../home/estebagel/Documents/Unreal Projects/AndroidProject 4.20 - 2/Content/Mannequin/Character/nara/Nara2_Cube_014_Skeleton.uasset" 338
"../../../../../../../../home/estebagel/Documents/Unreal Projects/AndroidProject 4.20 - 2/Content/Mannequin/Character/nara/Nara2_Cube_016_Cube_000_Skeleton.uasset" 339
"../../../../../../../../home/estebagel/Documents/Unreal Projects/AndroidProject 4.20 - 2/Content/Mannequin/Character/nara/Nara2_Cube_016_Cube_001_Skeleton.uasset" 340
"../../../../../../../../home/estebagel/Documents/Unreal Projects/AndroidProject 4.20 - 2/Content/Mannequin/Character/nara/Nara2_Hair_Skeleton.uasset" 341
"../../../../../../../../home/estebagel/Documents/Unreal Projects/AndroidProject 4.20 - 2/Content/Mannequin/Character/nara/Nara2_kolorz_PhysicsAsset.uasset" 342
"../../../../../../../../home/estebagel/Documents/Unreal Projects/AndroidProject 4.20 - 2/Content/Mannequin/Character/nara/Nara2_kolorz_Skeleton.uasset" 343
"../../../../../../../../home/estebagel/Documents/Unreal Projects/AndroidProject 4.20 - 2/Content/Mannequin/Character/nara/Nara2_lampu_PhysicsAsset.uasset" 344
"../../../../../../../../home/estebagel/Documents/Unreal Projects/AndroidProject 4.20 - 2/Content/Mannequin/Character/nara/Nara2_lampu_Skeleton.uasset" 345
"../../../../../../../../home/estebagel/Documents/Unreal Projects/AndroidProject 4.20 - 2/Content/Mannequin/Character/nara/Nara2_leher_Skeleton.uasset" 346
"../../../../../../../../home/estebagel/Documents/Unreal Projects/AndroidProject 4.20 - 2/Content/Mannequin/Character/nara/Nara2_PERMATA_Skeleton.uasset" 347
"../../../../../../../../home/estebagel/Documents/Unreal Projects/AndroidProject 4.20 - 2/Content/Mannequin/Character/nara/Nara2_PS3_face_PS3_face01_Skeleton.uasset" 348
"../../../../../../../../home/estebagel/Documents/Unreal Projects/AndroidProject 4.20 - 2/Content/Mannequin/Character/nara/Nara2_sepatu_Skeleton.uasset" 349
"../../../../../../../../home/estebagel/Documents/Unreal Projects/AndroidProject 4.20 - 2/Content/Mannequin/Character/nara/Nara2.uasset" 350
"../../../../../../../../home/estebagel/Documents/Unreal Projects/AndroidProject 4.20 - 2/Content/Mannequin/Character/nara/texture_rok.uasset" 351
"../../../Engine/Content/MobileResources/HUD/MobileHUDButtonFire.uasset" 352
"../../../../../../../../home/estebagel/Documents/Unreal Projects/AndroidProject 4.20 - 2/Content/ThirdPersonBP/myICHU_TOUCHINTERFACE.uasset" 353
"../../../../../../../../home/estebagel/Documents/Unreal Projects/AndroidProject 4.20 - 2/Content/otherprograms/gimp/loading_screen/loading_screen_image.uasset" 354
"../../../../../../../../home/estebagel/Documents/Unreal Projects/AndroidProject 4.20 - 2/Content/otherprograms/gimp/loading_screen/loading_screen_image_Mat.uasset" 355
"../../../../../../../../home/estebagel/Documents/Unreal Projects/AndroidProject 4.20 - 2/Content/otherprograms/gimp/loading_screen/loading_screen_text.uasset" 356
"../../../../../../../../home/estebagel/Documents/Unreal Projects/AndroidProject 4.20 - 2/Content/ThirdPersonBP/Blueprints/loading_screen.uasset" 357
"../../../../../../../../home/estebagel/Documents/Unreal Projects/AndroidProject 4.20 - 2/Content/Mannequin/Character/Mesh/UE4_Mannequin_Skeleton.uasset" 358
"../../../../../../../../home/estebagel/Documents/Unreal Projects/AndroidProject 4.20 - 2/Content/Mannequin/Animations/ThirdPerson_Jump.uasset" 359
"../../../../../../../../home/estebagel/Documents/Unreal Projects/AndroidProject 4.20 - 2/Content/Mannequin/Animations/ThirdPersonJump_Loop.uasset" 360
"../../../../../../../../home/estebagel/Documents/Unreal Projects/AndroidProject 4.20 - 2/Content/Mannequin/Animations/ThirdPersonJump_Start.uasset" 361
"../../../../../../../../home/estebagel/Documents/Unreal Projects/AndroidProject 4.20 - 2/Content/Mannequin/Animations/ThirdPersonIdle.uasset" 362
"../../../../../../../../home/estebagel/Documents/Unreal Projects/AndroidProject 4.20 - 2/Content/Mannequin/Animations/ThirdPersonRun.uasset" 363
"../../../../../../../../home/estebagel/Documents/Unreal Projects/AndroidProject 4.20 - 2/Content/Mannequin/Animations/ThirdPersonWalk.uasset" 364
"../../../../../../../../home/estebagel/Documents/Unreal Projects/AndroidProject 4.20 - 2/Content/Mannequin/Animations/ThirdPerson_IdleRun_2D.uasset" 365
"../../../../../../../../home/estebagel/Documents/Unreal Projects/AndroidProject 4.20 - 2/Content/Mannequin/Animations/ThirdPerson_AnimBP.uasset" 366
"../../../Engine/Content/Functions/Engine_MaterialFunctions02/Utility/BlendAngleCorrectedNormals.uasset" 367
"../../../Engine/Content/Functions/MaterialLayerFunctions/MatLayerBlend_NormalBlend.uasset" 368
"../../../Engine/Content/Functions/MaterialLayerFunctions/MatLayerBlend_Simple.uasset" 369
"../../../../../../../../home/estebagel/Documents/Unreal Projects/AndroidProject 4.20 - 2/Content/Mannequin/Character/Materials/MaterialLayers/T_ML_Rubber_Blue_01_D.uasset" 370
"../../../../../../../../home/estebagel/Documents/Unreal Projects/AndroidProject 4.20 - 2/Content/Mannequin/Character/Materials/MaterialLayers/T_ML_Rubber_Blue_01_N.uasset" 371
"../../../../../../../../home/estebagel/Documents/Unreal Projects/AndroidProject 4.20 - 2/Content/Mannequin/Character/Materials/MaterialLayers/ML_GlossyBlack_Latex_UE4.uasset" 372
"../../../../../../../../home/estebagel/Documents/Unreal Projects/AndroidProject 4.20 - 2/Content/Mannequin/Character/Materials/MaterialLayers/ML_Plastic_Shiny_Beige.uasset" 373
"../../../../../../../../home/estebagel/Documents/Unreal Projects/AndroidProject 4.20 - 2/Content/Mannequin/Character/Textures/UE4_LOGO_CARD.uasset" 374
"../../../../../../../../home/estebagel/Documents/Unreal Projects/AndroidProject 4.20 - 2/Content/Mannequin/Character/Materials/MaterialLayers/ML_Plastic_Shiny_Beige_LOGO.uasset" 375
"../../../../../../../../home/estebagel/Documents/Unreal Projects/AndroidProject 4.20 - 2/Content/Mannequin/Character/Materials/MaterialLayers/T_ML_Aluminum01.uasset" 376
"../../../../../../../../home/estebagel/Documents/Unreal Projects/AndroidProject 4.20 - 2/Content/Mannequin/Character/Materials/MaterialLayers/T_ML_Aluminum01_N.uasset" 377
"../../../../../../../../home/estebagel/Documents/Unreal Projects/AndroidProject 4.20 - 2/Content/Mannequin/Character/Materials/MaterialLayers/ML_SoftMetal_UE4.uasset" 378
"../../../../../../../../home/estebagel/Documents/Unreal Projects/AndroidProject 4.20 - 2/Content/Mannequin/Character/Textures/UE4_Mannequin__normals.uasset" 379
"../../../../../../../../home/estebagel/Documents/Unreal Projects/AndroidProject 4.20 - 2/Content/Mannequin/Character/Textures/UE4_Mannequin_MAT_MASKA.uasset" 380
"../../../../../../../../home/estebagel/Documents/Unreal Projects/AndroidProject 4.20 - 2/Content/Mannequin/Character/Materials/M_UE4Man_Body.uasset" 381
"../../../../../../../../home/estebagel/Documents/Unreal Projects/AndroidProject 4.20 - 2/Content/Mannequin/Character/Textures/UE4Man_Logo_N.uasset" 382
"../../../../../../../../home/estebagel/Documents/Unreal Projects/AndroidProject 4.20 - 2/Content/Mannequin/Character/Materials/M_UE4Man_ChestLogo.uasset" 383
"../../../../../../../../home/estebagel/Documents/Unreal Projects/AndroidProject 4.20 - 2/Content/Mannequin/Character/Mesh/SK_Mannequin_PhysicsAsset.uasset" 384
"../../../../../../../../home/estebagel/Documents/Unreal Projects/AndroidProject 4.20 - 2/Content/Mannequin/Character/Mesh/SK_Mannequin.uasset" 385
"../../../../../../../../home/estebagel/Documents/Unreal Projects/AndroidProject 4.20 - 2/Content/ThirdPersonBP/Blueprints/ThirdPersonCharacter.uasset" 386
"../../../../../../../../home/estebagel/Documents/Unreal Projects/AndroidProject 4.20 - 2/Content/ThirdPersonBP/Blueprints/ThirdPersonGameMode.uasset" 387
"../../../../../../../../home/estebagel/Documents/Unreal Projects/AndroidProject 4.20 - 2/Content/ThirdPersonBP/Maps/level2/level2_terrain_MAP_BuiltData.uasset" 388
"../../../../../../../../home/estebagel/Documents/Unreal Projects/AndroidProject 4.20 - 2/Content/ThirdPersonBP/Maps/level2/level2_persistent_MAP_BuiltData.uasset" 389
"../../../../../../../../home/estebagel/Documents/Unreal Projects/AndroidProject 4.20 - 2/Content/ThirdPersonBP/Maps/level2/level2_streaming1_MAP_BuiltData.uasset" 390
"../../../../../../../../home/estebagel/Documents/Unreal Projects/AndroidProject 4.20 - 2/Content/otherprograms/blender/tg2/map/li_eyes_01_l.uasset" 391
"../../../../../../../../home/estebagel/Documents/Unreal Projects/AndroidProject 4.20 - 2/Content/otherprograms/blender/tg2/map/li_body_stocking_04.uasset" 392
"../../../../../../../../home/estebagel/Documents/Unreal Projects/AndroidProject 4.20 - 2/Content/otherprograms/blender/tg2/map/li_body_tex_01.uasset" 393
"../../../../../../../../home/estebagel/Documents/Unreal Projects/AndroidProject 4.20 - 2/Content/otherprograms/blender/tg2/map/portia_texgrey.uasset" 394
"../../../../../../../../home/estebagel/Documents/Unreal Projects/AndroidProject 4.20 - 2/Content/otherprograms/blender/tg2/map/li_head_xptex_01_bum.uasset" 395
"../../../../../../../../home/estebagel/Documents/Unreal Projects/AndroidProject 4.20 - 2/Content/otherprograms/blender/tg2/map/li_eyes_01_r.uasset" 396
"../../../../../../../../home/estebagel/Documents/Unreal Projects/AndroidProject 4.20 - 2/Content/otherprograms/blender/tg2/map/li_head_xptex_02.uasset" 397
"../../../../../../../../home/estebagel/Documents/Unreal Projects/AndroidProject 4.20 - 2/Content/otherprograms/blender/tg2/map/portia_texblonde1.uasset" 398
"../../Plugins/Enterprise/DatasmithContent/Content/Blueprints/FBXImporter/ArrayOfActor.uasset" 399
"../../Plugins/Enterprise/DatasmithContent/Content/Blueprints/FBXImporter/ArrayOfSwitch.uasset" 400
"../../Plugins/Enterprise/DatasmithContent/Content/Blueprints/FBXImporter/BP_SceneNode.uasset" 401
"../../Plugins/Enterprise/DatasmithContent/Content/Blueprints/FBXImporter/BP_Switch.uasset" 402
"../../Plugins/Enterprise/DatasmithContent/Content/Blueprints/FBXImporter/BP_SceneRoot.uasset" 403
"../../Plugins/Enterprise/DatasmithContent/Content/Blueprints/FBXImporter/FBXImporterUtils.uasset" 404
"../../Plugins/Enterprise/DatasmithContent/Content/Blueprints/FBXImporter/Animation/VREDAnimationTrackComponent.uasset" 405
"../../Plugins/Enterprise/DatasmithContent/Content/Blueprints/FBXImporter/Animation/DeltaGenAnimationTrackType.uasset" 406
"../../Plugins/Enterprise/DatasmithContent/Content/Blueprints/FBXImporter/Animation/VREDAnimationTrackType.uasset" 407
"../../Plugins/Enterprise/DatasmithContent/Content/Blueprints/FBXImporter/Variants/VariantSwitchType.uasset" 408
"../../Plugins/Enterprise/DatasmithContent/Content/Blueprints/FBXImporter/Variants/VREDVariantSwitchType.uasset" 409
"../../Plugins/2D/Paper2D/Content/DefaultSpriteMaterial.uasset" 410
"../../Plugins/2D/Paper2D/Content/MaskedUnlitSpriteMaterial.uasset" 411
"../../Plugins/2D/Paper2D/Content/PlaceholderTextures/DummySpriteTexture.uasset" 412
"../../Plugins/2D/Paper2D/Content/DummySprite.uasset" 413
"../../Plugins/2D/Paper2D/Content/DefaultPaperTerrainMaterial.uasset" 414
"../../Plugins/2D/Paper2D/Content/OpaqueUnlitSpriteMaterial.uasset" 415
"../../../Engine/Content/Maps/Entry_BuiltData.uasset" 416
"../../../Engine/Content/Maps/Entry.umap" 417
"../../../../../../../../home/estebagel/Documents/Unreal Projects/AndroidProject 4.20 - 2/Content/ThirdPersonBP/Blueprints/ThirdPersonGameModeICHU.uasset" 418
"../../../../../../../../home/estebagel/Documents/Unreal Projects/AndroidProject 4.20 - 2/Content/ThirdPersonBP/Maps/level1/mainmenuMAP_BuiltData.uasset" 419
"../../../../../../../../home/estebagel/Documents/Unreal Projects/AndroidProject 4.20 - 2/Content/ThirdPersonBP/MAKEUP_20170608224327_save.uasset" 420
"../../../../../../../../home/estebagel/Documents/Unreal Projects/AndroidProject 4.20 - 2/Content/ThirdPersonBP/titlemyichu.uasset" 421
"../../../../../../../../home/estebagel/Documents/Unreal Projects/AndroidProject 4.20 - 2/Content/ThirdPersonBP/mainMENU.uasset" 422
"../../../../../../../../home/estebagel/Documents/Unreal Projects/AndroidProject 4.20 - 2/Content/ThirdPersonBP/short_versionRelaxing_River_Sounds_-_Peaceful_Forest_River_-_3_Hours_Long_-_HD_1080p_-_Nature_Video.uasset" 423
"../../../../../../../../home/estebagel/Documents/Unreal Projects/AndroidProject 4.20 - 2/Content/ThirdPersonBP/Maps/level1/mainmenuMAP.umap" 424
"../../../Engine/Content/ArtTools/RenderToTexture/MaterialFunctions/FlipbookWind.uasset" 425
"../../../../../../../../home/estebagel/Documents/Unreal Projects/AndroidProject 4.20 - 2/Content/Migrated/Alex/UE_ASSETS/Textures/Trees/tex_leaves_diff.uasset" 426
"../../../../../../../../home/estebagel/Documents/Unreal Projects/AndroidProject 4.20 - 2/Content/Migrated/Alex/UE_ASSETS/Material/Master_Material/M_Branch_Material/M_Branchs.uasset" 427
"../../../../../../../../home/estebagel/Documents/Unreal Projects/AndroidProject 4.20 - 2/Content/Migrated/Alex/UE_ASSETS/Meshes/Bush/SM_bush4.uasset" 428
"../../../../../../../../home/estebagel/Documents/Unreal Projects/AndroidProject 4.20 - 2/Content/Migrated/Alex/UE_ASSETS/Meshes/Bush/SM_bush4_FoliageType.uasset" 429
"../../../../../../../../home/estebagel/Documents/Unreal Projects/AndroidProject 4.20 - 2/Content/Branch_4_Base.uasset" 430
"../../../../../../../../home/estebagel/Documents/Unreal Projects/AndroidProject 4.20 - 2/Content/Migrated/Alex/UE_ASSETS/Material/Master_Material/M_Branch_Material/M_Branch_3.uasset" 431
"../../../../../../../../home/estebagel/Documents/Unreal Projects/AndroidProject 4.20 - 2/Content/Migrated/Alex/UE_ASSETS/Meshes/Bush/SM_bush6.uasset" 432
"../../../../../../../../home/estebagel/Documents/Unreal Projects/AndroidProject 4.20 - 2/Content/Migrated/Alex/UE_ASSETS/Meshes/Bush/SM_bush6_FoliageType.uasset" 433
"../../../../../../../../home/estebagel/Documents/Unreal Projects/AndroidProject 4.20 - 2/Content/Migrated/Alex/UE_ASSETS/Material/Master_Material/M_Branch_Material/Branch_5_Base.uasset" 434
"../../../../../../../../home/estebagel/Documents/Unreal Projects/AndroidProject 4.20 - 2/Content/Migrated/Alex/UE_ASSETS/Material/Master_Material/M_Branch_Material/M_Branch_4.uasset" 435
"../../../../../../../../home/estebagel/Documents/Unreal Projects/AndroidProject 4.20 - 2/Content/Migrated/Alex/UE_ASSETS/Textures/Trees/Bark_1_Normal.uasset" 436
"../../../../../../../../home/estebagel/Documents/Unreal Projects/AndroidProject 4.20 - 2/Content/Migrated/Alex/UE_ASSETS/Textures/Trees/Bark_1_Rough.uasset" 437
"../../../../../../../../home/estebagel/Documents/Unreal Projects/AndroidProject 4.20 - 2/Content/Migrated/Alex/UE_ASSETS/Textures/Trees/TexturesCom_BarkDecidious0194_1_seamless_S.uasset" 438
"../../../../../../../../home/estebagel/Documents/Unreal Projects/AndroidProject 4.20 - 2/Content/Migrated/Alex/UE_ASSETS/Textures/Trees/bARK_bbase.uasset" 439
"../../../../../../../../home/estebagel/Documents/Unreal Projects/AndroidProject 4.20 - 2/Content/Migrated/Alex/UE_ASSETS/Meshes/Trees/SM_tree10.uasset" 440
"../../../../../../../../home/estebagel/Documents/Unreal Projects/AndroidProject 4.20 - 2/Content/Migrated/Alex/UE_ASSETS/Meshes/Trees/SM_tree10_FoliageType.uasset" 441
"../../../../../../../../home/estebagel/Documents/Unreal Projects/AndroidProject 4.20 - 2/Content/Migrated/Alex/UE_ASSETS/Material/Master_Material/M_Branch_Material/TexturesCom_Branches0013_1_alphamasked_S.uasset" 442
"../../../../../../../../home/estebagel/Documents/Unreal Projects/AndroidProject 4.20 - 2/Content/Migrated/Alex/UE_ASSETS/Material/Master_Material/M_Branch_Material/M_Branch_2.uasset" 443
"../../../../../../../../home/estebagel/Documents/Unreal Projects/AndroidProject 4.20 - 2/Content/Migrated/Alex/UE_ASSETS/Meshes/Trees/SM_tree1.uasset" 444
"../../../../../../../../home/estebagel/Documents/Unreal Projects/AndroidProject 4.20 - 2/Content/Migrated/Alex/UE_ASSETS/Meshes/Trees/SM_tree1_FoliageType.uasset" 445
"../../../../../../../../home/estebagel/Documents/Unreal Projects/AndroidProject 4.20 - 2/Content/Migrated/Alex/UE_ASSETS/Meshes/Trees/SM_tree6.uasset" 446
"../../../../../../../../home/estebagel/Documents/Unreal Projects/AndroidProject 4.20 - 2/Content/Migrated/Alex/UE_ASSETS/Meshes/Trees/SM_tree6_FoliageType.uasset" 447
"../../../../../../../../home/estebagel/Documents/Unreal Projects/AndroidProject 4.20 - 2/Content/Migrated/Alex/UE_ASSETS/Meshes/Trees/SM_tree9.uasset" 448
"../../../../../../../../home/estebagel/Documents/Unreal Projects/AndroidProject 4.20 - 2/Content/Migrated/Alex/UE_ASSETS/Meshes/Trees/SM_tree9_FoliageType.uasset" 449
"../../../../../../../../home/estebagel/Documents/Unreal Projects/AndroidProject 4.20 - 2/Content/Migrated/Content/LuosCaves/Meshes/Props_Rocks/Rock_Textures/M_Rock_Texture_3_Base.uasset" 450
"../../../../../../../../home/estebagel/Documents/Unreal Projects/AndroidProject 4.20 - 2/Content/Migrated/Content/LuosCaves/Meshes/Props_Rocks/Rock_Textures/M_Rock_Texture_3_Normal.uasset" 451
"../../../../../../../../home/estebagel/Documents/Unreal Projects/AndroidProject 4.20 - 2/Content/Migrated/Content/LuosCaves/Meshes/Props_Rocks/Rock_Textures/M_Rock_Texture_3_Rough.uasset" 452
"../../../../../../../../home/estebagel/Documents/Unreal Projects/AndroidProject 4.20 - 2/Content/Migrated/Content/LuosCaves/Meshes/Props_Rocks/Rock_Materials/M_Rock_3.uasset" 453
"../../../../../../../../home/estebagel/Documents/Unreal Projects/AndroidProject 4.20 - 2/Content/Migrated/Content/LuosCaves/Meshes/Props_Rocks/SM_LCave_P_Free_Rock_03.uasset" 454
"../../../../../../../../home/estebagel/Documents/Unreal Projects/AndroidProject 4.20 - 2/Content/Migrated/Content/LuosCaves/Meshes/Props_Rocks/SM_LCave_P_Free_Rock_03_FoliageType.uasset" 455
"../../../../../../../../home/estebagel/Documents/Unreal Projects/AndroidProject 4.20 - 2/Content/ThirdPersonBP/Maps/level1/level1_alextest1_MAP_BuiltData.uasset" 456
"../../../../../../../../home/estebagel/Documents/Unreal Projects/AndroidProject 4.20 - 2/Content/Geometry/Textures/T_Water_N.uasset" 457
"../../../../../../../../home/estebagel/Documents/Unreal Projects/AndroidProject 4.20 - 2/Content/Material/Water/M_River.uasset" 458
"../../../../../../../../home/estebagel/Documents/Unreal Projects/AndroidProject 4.20 - 2/Content/Migrated/Content/LuosCaves/Meshes/Props_Rocks/Rock_Materials/M_Rock_LSCALE_4.uasset" 459
"../../../../../../../../home/estebagel/Documents/Unreal Projects/AndroidProject 4.20 - 2/Content/Migrated/Content/LuosCaves/Materials/Floor_Instances/TexturesCom_RockyDirt1_2_5x2_5_1024_D.uasset" 460
"../../../../../../../../home/estebagel/Documents/Unreal Projects/AndroidProject 4.20 - 2/Content/Migrated/Content/LuosCaves/Materials/Floor_Instances/TexturesCom_RockyDirt1_2_5x2_5_1024_N.uasset" 461
"../../../../../../../../home/estebagel/Documents/Unreal Projects/AndroidProject 4.20 - 2/Content/Migrated/Content/LuosCaves/Materials/Floor_Instances/TexturesCom_RockyDirt1_2_5x2_5_1024_R.uasset" 462
"../../../../../../../../home/estebagel/Documents/Unreal Projects/AndroidProject 4.20 - 2/Content/Migrated/Content/LuosCaves/Materials/Floor_Instances/Ground_Material.uasset" 463
"../../../../../../../../home/estebagel/Documents/Unreal Projects/AndroidProject 4.20 - 2/Content/Migrated/Content/LuosCaves/Materials/Floor_Instances/Ground_material_instance.uasset" 464
"../../../Engine/Content/BasicShapes/Plane.uasset" 465
"../../../../../../../../home/estebagel/Documents/Unreal Projects/AndroidProject 4.20 - 2/Content/Migrated/Content/LuosCaves/Meshes/Props_Arches/SM_LCave_P_Free_Arch_01.uasset" 466
"../../../../../../../../home/estebagel/Documents/Unreal Projects/AndroidProject 4.20 - 2/Content/Migrated/Content/LuosCaves/Meshes/Props_Columns/SM_LCave_P_Free_Column_01.uasset" 467
"../../../../../../../../home/estebagel/Documents/Unreal Projects/AndroidProject 4.20 - 2/Content/Textures/Canyon_Rock_001_SD/Canyon_Rock_001_COLOR.uasset" 468
"../../../../../../../../home/estebagel/Documents/Unreal Projects/AndroidProject 4.20 - 2/Content/Textures/Canyon_Rock_001_SD/Canyon_Rock_opgls2_Mat.uasset" 469
"../../../../../../../../home/estebagel/Documents/Unreal Projects/AndroidProject 4.20 - 2/Content/Migrated/Content/LuosCaves/Meshes/Props_Rocks/SM_LCave_P_Free_Rock_01.uasset" 470
"../../../../../../../../home/estebagel/Documents/Unreal Projects/AndroidProject 4.20 - 2/Content/ThirdPersonBP/Maps/level1/level1_alextest1_MAP.umap" 471
"../../../../../../../../home/estebagel/Documents/Unreal Projects/AndroidProject 4.20 - 2/Content/ThirdPersonBP/Maps/level1/level1_streaming1_MAP_BuiltData.uasset" 472
"../../../../../../../../home/estebagel/Documents/Unreal Projects/AndroidProject 4.20 - 2/Content/ThirdPersonBP/gimp_ichu_aploogy.uasset" 473
"../../../../../../../../home/estebagel/Documents/Unreal Projects/AndroidProject 4.20 - 2/Content/ThirdPersonBP/gimp_ichu_aploogy_Mat.uasset" 474
"../../../../../../../../home/estebagel/Documents/Unreal Projects/AndroidProject 4.20 - 2/Content/ThirdPersonBP/level1_completeMENU.uasset" 475
"../../../../../../../../home/estebagel/Documents/Unreal Projects/AndroidProject 4.20 - 2/Content/ThirdPersonBP/Maps/level1/level1_streaming1_MAP.umap" 476
"../../../../../../../../home/estebagel/Documents/Unreal Projects/AndroidProject 4.20 - 2/Content/ThirdPersonBP/Maps/level1/level1_alex_terrain_level1_MAP_BuiltData.uasset" 477
"../../../../../../../../home/estebagel/Documents/Unreal Projects/AndroidProject 4.20 - 2/Content/ThirdPersonBP/Maps/level1/level1_alex_terrain_level1_MAP.umap" 478
"../../../../../../../../home/estebagel/Documents/Unreal Projects/AndroidProject 4.20 - 2/Content/ThirdPersonBP/TitanfallController.uasset" 479
"../../../Engine/Content/EngineSky/C_Sky_Cloud_Color.uasset" 480
"../../../Engine/Content/EngineSky/C_Sky_Horizon_Color.uasset" 481
"../../../Engine/Content/EngineSky/C_Sky_Zenith_Color.uasset" 482
"../../../Engine/Content/EngineSky/T_Sky_Blue.uasset" 483
"../../../Engine/Content/EngineSky/T_Sky_Clouds_M.uasset" 484
"../../../Engine/Content/EngineSky/T_Sky_Stars.uasset" 485
"../../../Engine/Content/EngineSky/M_Sky_Panning_Clouds2.uasset" 486
"../../../Engine/Content/EngineSky/SM_SkySphere.uasset" 487
"../../../Engine/Content/EngineSky/BP_Sky_Sphere.uasset" 488
"../../../Engine/Content/BasicShapes/BasicShapeMaterial.uasset" 489
"../../../../../../../../home/estebagel/Documents/Unreal Projects/AndroidProject 4.20 - 2/Content/Geometry/Textures/brick-texture-png-33.uasset" 490
"../../../../../../../../home/estebagel/Documents/Unreal Projects/AndroidProject 4.20 - 2/Content/Geometry/Textures/brick-texture_Mat.uasset" 491
"../../../../../../../../home/estebagel/Documents/Unreal Projects/AndroidProject 4.20 - 2/Content/Textures/Canyon_Rock_001_SD/Canyon_Rock_001_DISP.uasset" 492
"../../../../../../../../home/estebagel/Documents/Unreal Projects/AndroidProject 4.20 - 2/Content/Textures/Canyon_Rock_001_SD/Canyon_Rock_001_NORM.uasset" 493
"../../../../../../../../home/estebagel/Documents/Unreal Projects/AndroidProject 4.20 - 2/Content/Textures/Canyon_Rock_001_SD/Canyon_Rock_001_ROUGH.uasset" 494
"../../../../../../../../home/estebagel/Documents/Unreal Projects/AndroidProject 4.20 - 2/Content/Textures/Canyon_Rock_001_SD/Cayon_Rock_opengls2_Mat1.uasset" 495
"../../../../../../../../home/estebagel/Documents/Unreal Projects/AndroidProject 4.20 - 2/Content/Geometry/Textures/big.uasset" 496
"../../../../../../../../home/estebagel/Documents/Unreal Projects/AndroidProject 4.20 - 2/Content/Geometry/Textures/brick-texture_Mat_Inst1.uasset" 497
"../../../../../../../../home/estebagel/Documents/Unreal Projects/AndroidProject 4.20 - 2/Content/Textures/AlternatingBrick_256.uasset" 498
"../../../../../../../../home/estebagel/Documents/Unreal Projects/AndroidProject 4.20 - 2/Content/Textures/AlternatingBrick_256_Mat.uasset" 499
"../../../../../../../../home/estebagel/Documents/Unreal Projects/AndroidProject 4.20 - 2/Content/Textures/AlternatingBrick_Big.uasset" 500
"../../../../../../../../home/estebagel/Documents/Unreal Projects/AndroidProject 4.20 - 2/Content/Textures/AlternatingBrick_long_Mat_Inst.uasset" 501
"../../../../../../../../home/estebagel/Documents/Unreal Projects/AndroidProject 4.20 - 2/Content/Textures/AlternatingBrick_medium_Mat_Inst.uasset" 502
"../../../../../../../../home/estebagel/Documents/Unreal Projects/AndroidProject 4.20 - 2/Content/Textures/Azulejos_003_SD/Azulejos_003_COLOR.uasset" 503
"../../../../../../../../home/estebagel/Documents/Unreal Projects/AndroidProject 4.20 - 2/Content/Textures/Azulejos_003_SD/Azulejos_003_DISP.uasset" 504
"../../../../../../../../home/estebagel/Documents/Unreal Projects/AndroidProject 4.20 - 2/Content/Textures/Azulejos_003_SD/Azulejos_003_NORM.uasset" 505
"../../../../../../../../home/estebagel/Documents/Unreal Projects/AndroidProject 4.20 - 2/Content/Textures/Azulejos_003_SD/Azulejos_003_ROUGH.uasset" 506
"../../../../../../../../home/estebagel/Documents/Unreal Projects/AndroidProject 4.20 - 2/Content/Textures/Azulejos_003_SD/Azulejos_Opengls2_Mat.uasset" 507
"../../../../../../../../home/estebagel/Documents/Unreal Projects/AndroidProject 4.20 - 2/Content/Textures/Azulejos_003_SD/Azulejos_Opengls2_MatBig_Inst.uasset" 508
"../../../Engine/Content/BasicShapes/Cube.uasset" 509
"../../../Engine/Content/BasicShapes/Cylinder.uasset" 510
"../../../Engine/Content/BasicShapes/Sphere.uasset" 511
"../../../../../../../../home/estebagel/Documents/Unreal Projects/AndroidProject 4.20 - 2/Content/Geometry/Meshes/CubeMaterial.uasset" 512
"../../../../../../../../home/estebagel/Documents/Unreal Projects/AndroidProject 4.20 - 2/Content/Geometry/Meshes/1M_Cube.uasset" 513
"../../../../../../../../home/estebagel/Documents/Unreal Projects/AndroidProject 4.20 - 2/Content/Geometry/Meshes/1M_Cube_Chamfer.uasset" 514
"../../../../../../../../home/estebagel/Documents/Unreal Projects/AndroidProject 4.20 - 2/Content/Geometry/Meshes/TemplateFloor.uasset" 515
"../../../../../../../../home/estebagel/Documents/Unreal Projects/AndroidProject 4.20 - 2/Content/ThirdPerson/Meshes/RampMaterial.uasset" 516
"../../../../../../../../home/estebagel/Documents/Unreal Projects/AndroidProject 4.20 - 2/Content/ThirdPerson/Meshes/Bump_StaticMesh.uasset" 517
"../../../../../../../../home/estebagel/Documents/Unreal Projects/AndroidProject 4.20 - 2/Content/ThirdPerson/Meshes/LeftArm_StaticMesh.uasset" 518
"../../../../../../../../home/estebagel/Documents/Unreal Projects/AndroidProject 4.20 - 2/Content/ThirdPerson/Meshes/Linear_Stair_StaticMesh.uasset" 519
"../../../../../../../../home/estebagel/Documents/Unreal Projects/AndroidProject 4.20 - 2/Content/ThirdPerson/Meshes/Ramp_StaticMesh.uasset" 520
"../../../../../../../../home/estebagel/Documents/Unreal Projects/AndroidProject 4.20 - 2/Content/ThirdPerson/Meshes/RightArm_StaticMesh.uasset" 521
"../../../../../../../../home/estebagel/Documents/Unreal Projects/AndroidProject 4.20 - 2/Content/ThirdPersonBP/levelcompleteMENU.uasset" 522
"../../../../../../../../home/estebagel/Documents/Unreal Projects/AndroidProject 4.20 - 2/Content/ThirdPersonBP/touchscreenINPUTS.uasset" 523
"../../../../../../../../home/estebagel/Documents/Unreal Projects/AndroidProject 4.20 - 2/Content/ThirdPersonBP/y2mate_com_-_carlos_vives_shakira_la_bicicleta_-UV0QGLmYys.uasset" 524
"../../../../../../../../home/estebagel/Documents/Unreal Projects/AndroidProject 4.20 - 2/Content/ThirdPersonBP/Maps/level1/level1_intro_foundation2_MAP.umap" 525
